# JRE version: OpenJDK Runtime Environment (8.0_242-b01) (build 1.8.0_242-release-1644-b01)
# Java VM: OpenJDK 64-Bit Server VM (25.242-b01 mixed mode windows-amd64 compressed oops)
Heap:
 PSYoungGen      total 213504K, used 204418K [0x00000000e0000000, 0x00000000f1800000, 0x0000000100000000)
  eden space 195584K, 96% used [0x00000000e0000000,0x00000000eb7be778,0x00000000ebf00000)
  from space 17920K, 90% used [0x00000000edb80000,0x00000000eeb62160,0x00000000eed00000)
  to   space 29184K, 0% used [0x00000000ebf00000,0x00000000ebf00000,0x00000000edb80000)
 ParOldGen       total 186880K, used 59815K [0x00000000a0000000, 0x00000000ab680000, 0x00000000e0000000)
  object space 186880K, 32% used [0x00000000a0000000,0x00000000a3a69cc0,0x00000000ab680000)
 Metaspace       used 79135K, capacity 83810K, committed 84120K, reserved 1122304K
  class space    used 10972K, capacity 11855K, committed 11952K, reserved 1048576K
GC Heap History (10 events):
Event: 7.235 GC heap before
{Heap before GC invocations=13 (full 2):
 PSYoungGen      total 172032K, used 37792K [0x00000000e0000000, 0x00000000ec800000, 0x0000000100000000)
  eden space 156160K, 14% used [0x00000000e0000000,0x00000000e156b018,0x00000000e9880000)
  from space 15872K, 99% used [0x00000000eae00000,0x00000000ebd7d320,0x00000000ebd80000)
  to   space 22016K, 0% used [0x00000000e9880000,0x00000000e9880000,0x00000000eae00000)
 ParOldGen       total 123904K, used 31144K [0x00000000a0000000, 0x00000000a7900000, 0x00000000e0000000)
  object space 123904K, 25% used [0x00000000a0000000,0x00000000a1e6a138,0x00000000a7900000)
 Metaspace       used 56987K, capacity 59116K, committed 59160K, reserved 1099776K
  class space    used 7748K, capacity 8234K, committed 8240K, reserved 1048576K
Event: 7.249 GC heap after
Heap after GC invocations=13 (full 2):
 PSYoungGen      total 178176K, used 1962K [0x00000000e0000000, 0x00000000ef100000, 0x0000000100000000)
  eden space 156160K, 0% used [0x00000000e0000000,0x00000000e0000000,0x00000000e9880000)
  from space 22016K, 8% used [0x00000000e9880000,0x00000000e9a6a9a0,0x00000000eae00000)
  to   space 22016K, 0% used [0x00000000edb80000,0x00000000edb80000,0x00000000ef100000)
 ParOldGen       total 123904K, used 46891K [0x00000000a0000000, 0x00000000a7900000, 0x00000000e0000000)
  object space 123904K, 37% used [0x00000000a0000000,0x00000000a2dcad08,0x00000000a7900000)
 Metaspace       used 56987K, capacity 59116K, committed 59160K, reserved 1099776K
  class space    used 7748K, capacity 8234K, committed 8240K, reserved 1048576K
}
Event: 7.249 GC heap before
{Heap before GC invocations=14 (full 3):
 PSYoungGen      total 178176K, used 1962K [0x00000000e0000000, 0x00000000ef100000, 0x0000000100000000)
  eden space 156160K, 0% used [0x00000000e0000000,0x00000000e0000000,0x00000000e9880000)
  from space 22016K, 8% used [0x00000000e9880000,0x00000000e9a6a9a0,0x00000000eae00000)
  to   space 22016K, 0% used [0x00000000edb80000,0x00000000edb80000,0x00000000ef100000)
 ParOldGen       total 123904K, used 46891K [0x00000000a0000000, 0x00000000a7900000, 0x00000000e0000000)
  object space 123904K, 37% used [0x00000000a0000000,0x00000000a2dcad08,0x00000000a7900000)
 Metaspace       used 56987K, capacity 59116K, committed 59160K, reserved 1099776K
  class space    used 7748K, capacity 8234K, committed 8240K, reserved 1048576K
Event: 7.451 GC heap after
Heap after GC invocations=14 (full 3):
 PSYoungGen      total 178176K, used 0K [0x00000000e0000000, 0x00000000ef100000, 0x0000000100000000)
  eden space 156160K, 0% used [0x00000000e0000000,0x00000000e0000000,0x00000000e9880000)
  from space 22016K, 0% used [0x00000000e9880000,0x00000000e9880000,0x00000000eae00000)
  to   space 22016K, 0% used [0x00000000edb80000,0x00000000edb80000,0x00000000ef100000)
 ParOldGen       total 186880K, used 32966K [0x00000000a0000000, 0x00000000ab680000, 0x00000000e0000000)
  object space 186880K, 17% used [0x00000000a0000000,0x00000000a2031b78,0x00000000ab680000)
 Metaspace       used 56951K, capacity 58990K, committed 59160K, reserved 1099776K
  class space    used 7737K, capacity 8213K, committed 8240K, reserved 1048576K
}
Event: 8.673 GC heap before
{Heap before GC invocations=15 (full 3):
 PSYoungGen      total 178176K, used 156160K [0x00000000e0000000, 0x00000000ef100000, 0x0000000100000000)
  eden space 156160K, 100% used [0x00000000e0000000,0x00000000e9880000,0x00000000e9880000)
  from space 22016K, 0% used [0x00000000e9880000,0x00000000e9880000,0x00000000eae00000)
  to   space 22016K, 0% used [0x00000000edb80000,0x00000000edb80000,0x00000000ef100000)
 ParOldGen       total 186880K, used 32966K [0x00000000a0000000, 0x00000000ab680000, 0x00000000e0000000)
  object space 186880K, 17% used [0x00000000a0000000,0x00000000a2031b78,0x00000000ab680000)
 Metaspace       used 62816K, capacity 66038K, committed 66200K, reserved 1105920K
  class space    used 8666K, capacity 9333K, committed 9392K, reserved 1048576K
Event: 8.688 GC heap after
Heap after GC invocations=15 (full 3):
 PSYoungGen      total 209408K, used 17513K [0x00000000e0000000, 0x00000000eed00000, 0x0000000100000000)
  eden space 191488K, 0% used [0x00000000e0000000,0x00000000e0000000,0x00000000ebb00000)
  from space 17920K, 97% used [0x00000000edb80000,0x00000000eec9a690,0x00000000eed00000)
  to   space 24064K, 0% used [0x00000000ebe00000,0x00000000ebe00000,0x00000000ed580000)
 ParOldGen       total 186880K, used 32974K [0x00000000a0000000, 0x00000000ab680000, 0x00000000e0000000)
  object space 186880K, 17% used [0x00000000a0000000,0x00000000a2033b78,0x00000000ab680000)
 Metaspace       used 62816K, capacity 66038K, committed 66200K, reserved 1105920K
  class space    used 8666K, capacity 9333K, committed 9392K, reserved 1048576K
}
Event: 9.961 GC heap before
{Heap before GC invocations=16 (full 3):
 PSYoungGen      total 209408K, used 209001K [0x00000000e0000000, 0x00000000eed00000, 0x0000000100000000)
  eden space 191488K, 100% used [0x00000000e0000000,0x00000000ebb00000,0x00000000ebb00000)
  from space 17920K, 97% used [0x00000000edb80000,0x00000000eec9a690,0x00000000eed00000)
  to   space 24064K, 0% used [0x00000000ebe00000,0x00000000ebe00000,0x00000000ed580000)
 ParOldGen       total 186880K, used 32974K [0x00000000a0000000, 0x00000000ab680000, 0x00000000e0000000)
  object space 186880K, 17% used [0x00000000a0000000,0x00000000a2033b78,0x00000000ab680000)
 Metaspace       used 69760K, capacity 73476K, committed 73624K, reserved 1112064K
  class space    used 9618K, capacity 10338K, committed 10416K, reserved 1048576K
Event: 9.977 GC heap after
Heap after GC invocations=16 (full 3):
 PSYoungGen      total 215552K, used 24042K [0x00000000e0000000, 0x00000000eed00000, 0x0000000100000000)
  eden space 191488K, 0% used [0x00000000e0000000,0x00000000e0000000,0x00000000ebb00000)
  from space 24064K, 99% used [0x00000000ebe00000,0x00000000ed57a850,0x00000000ed580000)
  to   space 17920K, 0% used [0x00000000edb80000,0x00000000edb80000,0x00000000eed00000)
 ParOldGen       total 186880K, used 38159K [0x00000000a0000000, 0x00000000ab680000, 0x00000000e0000000)
  object space 186880K, 20% used [0x00000000a0000000,0x00000000a2543d58,0x00000000ab680000)
 Metaspace       used 69760K, capacity 73476K, committed 73624K, reserved 1112064K
  class space    used 9618K, capacity 10338K, committed 10416K, reserved 1048576K
}
Event: 11.289 GC heap before
{Heap before GC invocations=17 (full 3):
 PSYoungGen      total 215552K, used 215206K [0x00000000e0000000, 0x00000000eed00000, 0x0000000100000000)
  eden space 191488K, 99% used [0x00000000e0000000,0x00000000ebaaefd8,0x00000000ebb00000)
  from space 24064K, 99% used [0x00000000ebe00000,0x00000000ed57a850,0x00000000ed580000)
  to   space 17920K, 0% used [0x00000000edb80000,0x00000000edb80000,0x00000000eed00000)
 ParOldGen       total 186880K, used 38159K [0x00000000a0000000, 0x00000000ab680000, 0x00000000e0000000)
  object space 186880K, 20% used [0x00000000a0000000,0x00000000a2543d58,0x00000000ab680000)
 Metaspace       used 78226K, capacity 82808K, committed 82968K, reserved 1120256K
  class space    used 10840K, capacity 11720K, committed 11824K, reserved 1048576K
Event: 11.306 GC heap after
Heap after GC invocations=17 (full 3):
 PSYoungGen      total 213504K, used 16264K [0x00000000e0000000, 0x00000000f1800000, 0x0000000100000000)
  eden space 195584K, 0% used [0x00000000e0000000,0x00000000e0000000,0x00000000ebf00000)
  from space 17920K, 90% used [0x00000000edb80000,0x00000000eeb62160,0x00000000eed00000)
  to   space 29184K, 0% used [0x00000000ebf00000,0x00000000ebf00000,0x00000000edb80000)
 ParOldGen       total 186880K, used 59815K [0x00000000a0000000, 0x00000000ab680000, 0x00000000e0000000)
  object space 186880K, 32% used [0x00000000a0000000,0x00000000a3a69cc0,0x00000000ab680000)
 Metaspace       used 78226K, capacity 82808K, committed 82968K, reserved 1120256K
  class space    used 10840K, capacity 11720K, committed 11824K, reserved 1048576K
}

