# JRE version: OpenJDK Runtime Environment (8.0_242-b01) (build 1.8.0_242-release-1644-b01)
# Java VM: OpenJDK 64-Bit Server VM (25.242-b01 mixed mode windows-amd64 compressed oops)
Heap:
 PSYoungGen      total 181760K, used 72661K [0x00000000e0000000, 0x00000000ef780000, 0x0000000100000000)
  eden space 159744K, 45% used [0x00000000e0000000,0x00000000e46f55b8,0x00000000e9c00000)
  from space 22016K, 0% used [0x00000000e9c00000,0x00000000e9c00000,0x00000000eb180000)
  to   space 22528K, 0% used [0x00000000ee180000,0x00000000ee180000,0x00000000ef780000)
 ParOldGen       total 123904K, used 35144K [0x00000000a0000000, 0x00000000a7900000, 0x00000000e0000000)
  object space 123904K, 28% used [0x00000000a0000000,0x00000000a22522f0,0x00000000a7900000)
 Metaspace       used 60762K, capacity 63092K, committed 63128K, reserved 1103872K
  class space    used 8309K, capacity 8858K, committed 8880K, reserved 1048576K
GC Heap History (10 events):
Event: 3.719 GC heap before
{Heap before GC invocations=10 (full 2):
 PSYoungGen      total 150528K, used 9651K [0x00000000e0000000, 0x00000000eb080000, 0x0000000100000000)
  eden space 137728K, 0% used [0x00000000e0000000,0x00000000e0000000,0x00000000e8680000)
  from space 12800K, 75% used [0x00000000e9300000,0x00000000e9c6ccd0,0x00000000e9f80000)
  to   space 12800K, 0% used [0x00000000e8680000,0x00000000e8680000,0x00000000e9300000)
 ParOldGen       total 74752K, used 8060K [0x00000000a0000000, 0x00000000a4900000, 0x00000000e0000000)
  object space 74752K, 10% used [0x00000000a0000000,0x00000000a07df3b8,0x00000000a4900000)
 Metaspace       used 34562K, capacity 35472K, committed 35496K, reserved 1079296K
  class space    used 4745K, capacity 5040K, committed 5040K, reserved 1048576K
Event: 3.816 GC heap after
Heap after GC invocations=10 (full 2):
 PSYoungGen      total 150528K, used 0K [0x00000000e0000000, 0x00000000eb080000, 0x0000000100000000)
  eden space 137728K, 0% used [0x00000000e0000000,0x00000000e0000000,0x00000000e8680000)
  from space 12800K, 0% used [0x00000000e9300000,0x00000000e9300000,0x00000000e9f80000)
  to   space 12800K, 0% used [0x00000000e8680000,0x00000000e8680000,0x00000000e9300000)
 ParOldGen       total 123904K, used 16275K [0x00000000a0000000, 0x00000000a7900000, 0x00000000e0000000)
  object space 123904K, 13% used [0x00000000a0000000,0x00000000a0fe4f60,0x00000000a7900000)
 Metaspace       used 34562K, capacity 35472K, committed 35496K, reserved 1079296K
  class space    used 4745K, capacity 5040K, committed 5040K, reserved 1048576K
}
Event: 5.393 GC heap before
{Heap before GC invocations=11 (full 2):
 PSYoungGen      total 150528K, used 137728K [0x00000000e0000000, 0x00000000eb080000, 0x0000000100000000)
  eden space 137728K, 100% used [0x00000000e0000000,0x00000000e8680000,0x00000000e8680000)
  from space 12800K, 0% used [0x00000000e9300000,0x00000000e9300000,0x00000000e9f80000)
  to   space 12800K, 0% used [0x00000000e8680000,0x00000000e8680000,0x00000000e9300000)
 ParOldGen       total 123904K, used 16275K [0x00000000a0000000, 0x00000000a7900000, 0x00000000e0000000)
  object space 123904K, 13% used [0x00000000a0000000,0x00000000a0fe4f60,0x00000000a7900000)
 Metaspace       used 44915K, capacity 46488K, committed 46640K, reserved 1089536K
  class space    used 6076K, capacity 6437K, committed 6448K, reserved 1048576K
Event: 5.413 GC heap after
Heap after GC invocations=11 (full 2):
 PSYoungGen      total 150528K, used 12779K [0x00000000e0000000, 0x00000000ec180000, 0x0000000100000000)
  eden space 137728K, 0% used [0x00000000e0000000,0x00000000e0000000,0x00000000e8680000)
  from space 12800K, 99% used [0x00000000e8680000,0x00000000e92fadb0,0x00000000e9300000)
  to   space 16384K, 0% used [0x00000000eb180000,0x00000000eb180000,0x00000000ec180000)
 ParOldGen       total 123904K, used 20909K [0x00000000a0000000, 0x00000000a7900000, 0x00000000e0000000)
  object space 123904K, 16% used [0x00000000a0000000,0x00000000a146b740,0x00000000a7900000)
 Metaspace       used 44915K, capacity 46488K, committed 46640K, reserved 1089536K
  class space    used 6076K, capacity 6437K, committed 6448K, reserved 1048576K
}
Event: 6.903 GC heap before
{Heap before GC invocations=12 (full 2):
 PSYoungGen      total 150528K, used 150507K [0x00000000e0000000, 0x00000000ec180000, 0x0000000100000000)
  eden space 137728K, 100% used [0x00000000e0000000,0x00000000e8680000,0x00000000e8680000)
  from space 12800K, 99% used [0x00000000e8680000,0x00000000e92fadb0,0x00000000e9300000)
  to   space 16384K, 0% used [0x00000000eb180000,0x00000000eb180000,0x00000000ec180000)
 ParOldGen       total 123904K, used 20909K [0x00000000a0000000, 0x00000000a7900000, 0x00000000e0000000)
  object space 123904K, 16% used [0x00000000a0000000,0x00000000a146b740,0x00000000a7900000)
 Metaspace       used 55939K, capacity 58000K, committed 58288K, reserved 1099776K
  class space    used 7584K, capacity 8062K, committed 8112K, reserved 1048576K
Event: 6.936 GC heap after
Heap after GC invocations=12 (full 2):
 PSYoungGen      total 176128K, used 16356K [0x00000000e0000000, 0x00000000ecd00000, 0x0000000100000000)
  eden space 159744K, 0% used [0x00000000e0000000,0x00000000e0000000,0x00000000e9c00000)
  from space 16384K, 99% used [0x00000000eb180000,0x00000000ec179310,0x00000000ec180000)
  to   space 22016K, 0% used [0x00000000e9c00000,0x00000000e9c00000,0x00000000eb180000)
 ParOldGen       total 123904K, used 31194K [0x00000000a0000000, 0x00000000a7900000, 0x00000000e0000000)
  object space 123904K, 25% used [0x00000000a0000000,0x00000000a1e76818,0x00000000a7900000)
 Metaspace       used 55939K, capacity 58000K, committed 58288K, reserved 1099776K
  class space    used 7584K, capacity 8062K, committed 8112K, reserved 1048576K
}
Event: 7.055 GC heap before
{Heap before GC invocations=13 (full 2):
 PSYoungGen      total 176128K, used 36144K [0x00000000e0000000, 0x00000000ecd00000, 0x0000000100000000)
  eden space 159744K, 12% used [0x00000000e0000000,0x00000000e1352f88,0x00000000e9c00000)
  from space 16384K, 99% used [0x00000000eb180000,0x00000000ec179310,0x00000000ec180000)
  to   space 22016K, 0% used [0x00000000e9c00000,0x00000000e9c00000,0x00000000eb180000)
 ParOldGen       total 123904K, used 31194K [0x00000000a0000000, 0x00000000a7900000, 0x00000000e0000000)
  object space 123904K, 25% used [0x00000000a0000000,0x00000000a1e76818,0x00000000a7900000)
 Metaspace       used 57015K, capacity 59112K, committed 59160K, reserved 1099776K
  class space    used 7744K, capacity 8232K, committed 8240K, reserved 1048576K
Event: 7.068 GC heap after
Heap after GC invocations=13 (full 2):
 PSYoungGen      total 181760K, used 1561K [0x00000000e0000000, 0x00000000ef780000, 0x0000000100000000)
  eden space 159744K, 0% used [0x00000000e0000000,0x00000000e0000000,0x00000000e9c00000)
  from space 22016K, 7% used [0x00000000e9c00000,0x00000000e9d86758,0x00000000eb180000)
  to   space 22528K, 0% used [0x00000000ee180000,0x00000000ee180000,0x00000000ef780000)
 ParOldGen       total 123904K, used 47524K [0x00000000a0000000, 0x00000000a7900000, 0x00000000e0000000)
  object space 123904K, 38% used [0x00000000a0000000,0x00000000a2e692b8,0x00000000a7900000)
 Metaspace       used 57015K, capacity 59112K, committed 59160K, reserved 1099776K
  class space    used 7744K, capacity 8232K, committed 8240K, reserved 1048576K
}
Event: 7.068 GC heap before
{Heap before GC invocations=14 (full 3):
 PSYoungGen      total 181760K, used 1561K [0x00000000e0000000, 0x00000000ef780000, 0x0000000100000000)
  eden space 159744K, 0% used [0x00000000e0000000,0x00000000e0000000,0x00000000e9c00000)
  from space 22016K, 7% used [0x00000000e9c00000,0x00000000e9d86758,0x00000000eb180000)
  to   space 22528K, 0% used [0x00000000ee180000,0x00000000ee180000,0x00000000ef780000)
 ParOldGen       total 123904K, used 47524K [0x00000000a0000000, 0x00000000a7900000, 0x00000000e0000000)
  object space 123904K, 38% used [0x00000000a0000000,0x00000000a2e692b8,0x00000000a7900000)
 Metaspace       used 57015K, capacity 59112K, committed 59160K, reserved 1099776K
  class space    used 7744K, capacity 8232K, committed 8240K, reserved 1048576K
Event: 7.286 GC heap after
Heap after GC invocations=14 (full 3):
 PSYoungGen      total 181760K, used 0K [0x00000000e0000000, 0x00000000ef780000, 0x0000000100000000)
  eden space 159744K, 0% used [0x00000000e0000000,0x00000000e0000000,0x00000000e9c00000)
  from space 22016K, 0% used [0x00000000e9c00000,0x00000000e9c00000,0x00000000eb180000)
  to   space 22528K, 0% used [0x00000000ee180000,0x00000000ee180000,0x00000000ef780000)
 ParOldGen       total 123904K, used 35144K [0x00000000a0000000, 0x00000000a7900000, 0x00000000e0000000)
  object space 123904K, 28% used [0x00000000a0000000,0x00000000a22522f0,0x00000000a7900000)
 Metaspace       used 56982K, capacity 58998K, committed 59160K, reserved 1099776K
  class space    used 7734K, capacity 8213K, committed 8240K, reserved 1048576K
}

