# JRE version: OpenJDK Runtime Environment (8.0_242-b01) (build 1.8.0_242-release-1644-b01)
# Java VM: OpenJDK 64-Bit Server VM (25.242-b01 mixed mode windows-amd64 compressed oops)
Heap:
 PSYoungGen      total 254464K, used 91021K [0x00000000e0000000, 0x00000000f5000000, 0x0000000100000000)
  eden space 199680K, 18% used [0x00000000e0000000,0x00000000e2365f28,0x00000000ec300000)
  from space 54784K, 99% used [0x00000000ec300000,0x00000000ef87d740,0x00000000ef880000)
  to   space 44544K, 0% used [0x00000000ef880000,0x00000000ef880000,0x00000000f2400000)
 ParOldGen       total 205312K, used 119534K [0x00000000a0000000, 0x00000000ac880000, 0x00000000e0000000)
  object space 205312K, 58% used [0x00000000a0000000,0x00000000a74bb890,0x00000000ac880000)
 Metaspace       used 102363K, capacity 107666K, committed 107992K, reserved 1142784K
  class space    used 13688K, capacity 14731K, committed 14848K, reserved 1048576K
GC Heap History (10 events):
Event: 294.050 GC heap before
{Heap before GC invocations=21 (full 3):
 PSYoungGen      total 225792K, used 225773K [0x00000000e0000000, 0x00000000f2400000, 0x0000000100000000)
  eden space 187392K, 100% used [0x00000000e0000000,0x00000000eb700000,0x00000000eb700000)
  from space 38400K, 99% used [0x00000000eb700000,0x00000000edc7b618,0x00000000edc80000)
  to   space 44544K, 0% used [0x00000000ef880000,0x00000000ef880000,0x00000000f2400000)
 ParOldGen       total 205312K, used 51102K [0x00000000a0000000, 0x00000000ac880000, 0x00000000e0000000)
  object space 205312K, 24% used [0x00000000a0000000,0x00000000a31e7bb0,0x00000000ac880000)
 Metaspace       used 92578K, capacity 97000K, committed 97112K, reserved 1132544K
  class space    used 12298K, capacity 13184K, committed 13184K, reserved 1048576K
Event: 294.125 GC heap after
Heap after GC invocations=21 (full 3):
 PSYoungGen      total 243712K, used 44541K [0x00000000e0000000, 0x00000000f3500000, 0x0000000100000000)
  eden space 199168K, 0% used [0x00000000e0000000,0x00000000e0000000,0x00000000ec280000)
  from space 44544K, 99% used [0x00000000ef880000,0x00000000f23ff450,0x00000000f2400000)
  to   space 55296K, 0% used [0x00000000ec280000,0x00000000ec280000,0x00000000ef880000)
 ParOldGen       total 205312K, used 61190K [0x00000000a0000000, 0x00000000ac880000, 0x00000000e0000000)
  object space 205312K, 29% used [0x00000000a0000000,0x00000000a3bc1b68,0x00000000ac880000)
 Metaspace       used 92578K, capacity 97000K, committed 97112K, reserved 1132544K
  class space    used 12298K, capacity 13184K, committed 13184K, reserved 1048576K
}
Event: 294.509 GC heap before
{Heap before GC invocations=22 (full 3):
 PSYoungGen      total 243712K, used 79709K [0x00000000e0000000, 0x00000000f3500000, 0x0000000100000000)
  eden space 199168K, 17% used [0x00000000e0000000,0x00000000e2258120,0x00000000ec280000)
  from space 44544K, 99% used [0x00000000ef880000,0x00000000f23ff450,0x00000000f2400000)
  to   space 55296K, 0% used [0x00000000ec280000,0x00000000ec280000,0x00000000ef880000)
 ParOldGen       total 205312K, used 61190K [0x00000000a0000000, 0x00000000ac880000, 0x00000000e0000000)
  object space 205312K, 29% used [0x00000000a0000000,0x00000000a3bc1b68,0x00000000ac880000)
 Metaspace       used 93746K, capacity 98416K, committed 98496K, reserved 1134592K
  class space    used 12467K, capacity 13416K, committed 13440K, reserved 1048576K
Event: 294.551 GC heap after
Heap after GC invocations=22 (full 3):
 PSYoungGen      total 254464K, used 34623K [0x00000000e0000000, 0x00000000f3500000, 0x0000000100000000)
  eden space 199168K, 0% used [0x00000000e0000000,0x00000000e0000000,0x00000000ec280000)
  from space 55296K, 62% used [0x00000000ec280000,0x00000000ee44fe58,0x00000000ef880000)
  to   space 44544K, 0% used [0x00000000ef880000,0x00000000ef880000,0x00000000f2400000)
 ParOldGen       total 205312K, used 72897K [0x00000000a0000000, 0x00000000ac880000, 0x00000000e0000000)
  object space 205312K, 35% used [0x00000000a0000000,0x00000000a47304e8,0x00000000ac880000)
 Metaspace       used 93746K, capacity 98416K, committed 98496K, reserved 1134592K
  class space    used 12467K, capacity 13416K, committed 13440K, reserved 1048576K
}
Event: 294.551 GC heap before
{Heap before GC invocations=23 (full 4):
 PSYoungGen      total 254464K, used 34623K [0x00000000e0000000, 0x00000000f3500000, 0x0000000100000000)
  eden space 199168K, 0% used [0x00000000e0000000,0x00000000e0000000,0x00000000ec280000)
  from space 55296K, 62% used [0x00000000ec280000,0x00000000ee44fe58,0x00000000ef880000)
  to   space 44544K, 0% used [0x00000000ef880000,0x00000000ef880000,0x00000000f2400000)
 ParOldGen       total 205312K, used 72897K [0x00000000a0000000, 0x00000000ac880000, 0x00000000e0000000)
  object space 205312K, 35% used [0x00000000a0000000,0x00000000a47304e8,0x00000000ac880000)
 Metaspace       used 93746K, capacity 98416K, committed 98496K, reserved 1134592K
  class space    used 12467K, capacity 13416K, committed 13440K, reserved 1048576K
Event: 295.045 GC heap after
Heap after GC invocations=23 (full 4):
 PSYoungGen      total 254464K, used 0K [0x00000000e0000000, 0x00000000f3500000, 0x0000000100000000)
  eden space 199168K, 0% used [0x00000000e0000000,0x00000000e0000000,0x00000000ec280000)
  from space 55296K, 0% used [0x00000000ec280000,0x00000000ec280000,0x00000000ef880000)
  to   space 44544K, 0% used [0x00000000ef880000,0x00000000ef880000,0x00000000f2400000)
 ParOldGen       total 205312K, used 77273K [0x00000000a0000000, 0x00000000ac880000, 0x00000000e0000000)
  object space 205312K, 37% used [0x00000000a0000000,0x00000000a4b764b8,0x00000000ac880000)
 Metaspace       used 93625K, capacity 98060K, committed 98496K, reserved 1134592K
  class space    used 12428K, capacity 13348K, committed 13440K, reserved 1048576K
}
Event: 297.157 GC heap before
{Heap before GC invocations=24 (full 4):
 PSYoungGen      total 254464K, used 199168K [0x00000000e0000000, 0x00000000f3500000, 0x0000000100000000)
  eden space 199168K, 100% used [0x00000000e0000000,0x00000000ec280000,0x00000000ec280000)
  from space 55296K, 0% used [0x00000000ec280000,0x00000000ec280000,0x00000000ef880000)
  to   space 44544K, 0% used [0x00000000ef880000,0x00000000ef880000,0x00000000f2400000)
 ParOldGen       total 205312K, used 77273K [0x00000000a0000000, 0x00000000ac880000, 0x00000000e0000000)
  object space 205312K, 37% used [0x00000000a0000000,0x00000000a4b764b8,0x00000000ac880000)
 Metaspace       used 101457K, capacity 106538K, committed 106712K, reserved 1140736K
  class space    used 13560K, capacity 14557K, committed 14592K, reserved 1048576K
Event: 297.170 GC heap after
Heap after GC invocations=24 (full 4):
 PSYoungGen      total 244224K, used 14255K [0x00000000e0000000, 0x00000000f5000000, 0x0000000100000000)
  eden space 199680K, 0% used [0x00000000e0000000,0x00000000e0000000,0x00000000ec300000)
  from space 44544K, 32% used [0x00000000ef880000,0x00000000f066bd48,0x00000000f2400000)
  to   space 54784K, 0% used [0x00000000ec300000,0x00000000ec300000,0x00000000ef880000)
 ParOldGen       total 205312K, used 77281K [0x00000000a0000000, 0x00000000ac880000, 0x00000000e0000000)
  object space 205312K, 37% used [0x00000000a0000000,0x00000000a4b784b8,0x00000000ac880000)
 Metaspace       used 101457K, capacity 106538K, committed 106712K, reserved 1140736K
  class space    used 13560K, capacity 14557K, committed 14592K, reserved 1048576K
}
Event: 298.062 GC heap before
{Heap before GC invocations=25 (full 4):
 PSYoungGen      total 244224K, used 213935K [0x00000000e0000000, 0x00000000f5000000, 0x0000000100000000)
  eden space 199680K, 100% used [0x00000000e0000000,0x00000000ec300000,0x00000000ec300000)
  from space 44544K, 32% used [0x00000000ef880000,0x00000000f066bd48,0x00000000f2400000)
  to   space 54784K, 0% used [0x00000000ec300000,0x00000000ec300000,0x00000000ef880000)
 ParOldGen       total 205312K, used 77281K [0x00000000a0000000, 0x00000000ac880000, 0x00000000e0000000)
  object space 205312K, 37% used [0x00000000a0000000,0x00000000a4b784b8,0x00000000ac880000)
 Metaspace       used 102300K, capacity 107596K, committed 107736K, reserved 1142784K
  class space    used 13686K, capacity 14730K, committed 14848K, reserved 1048576K
Event: 298.146 GC heap after
Heap after GC invocations=25 (full 4):
 PSYoungGen      total 254464K, used 54773K [0x00000000e0000000, 0x00000000f5000000, 0x0000000100000000)
  eden space 199680K, 0% used [0x00000000e0000000,0x00000000e0000000,0x00000000ec300000)
  from space 54784K, 99% used [0x00000000ec300000,0x00000000ef87d740,0x00000000ef880000)
  to   space 44544K, 0% used [0x00000000ef880000,0x00000000ef880000,0x00000000f2400000)
 ParOldGen       total 205312K, used 119534K [0x00000000a0000000, 0x00000000ac880000, 0x00000000e0000000)
  object space 205312K, 58% used [0x00000000a0000000,0x00000000a74bb890,0x00000000ac880000)
 Metaspace       used 102300K, capacity 107596K, committed 107736K, reserved 1142784K
  class space    used 13686K, capacity 14730K, committed 14848K, reserved 1048576K
}

