# JRE version: OpenJDK Runtime Environment (8.0_242-b01) (build 1.8.0_242-release-1644-b01)
# Java VM: OpenJDK 64-Bit Server VM (25.242-b01 mixed mode windows-amd64 compressed oops)
Heap:
 PSYoungGen      total 146944K, used 2747K [0x00000000e0000000, 0x00000000eb300000, 0x0000000100000000)
  eden space 134144K, 2% used [0x00000000e0000000,0x00000000e02aed50,0x00000000e8300000)
  from space 12800K, 0% used [0x00000000e9000000,0x00000000e9000000,0x00000000e9c80000)
  to   space 13312K, 0% used [0x00000000e8300000,0x00000000e8300000,0x00000000e9000000)
 ParOldGen       total 137216K, used 17761K [0x00000000a0000000, 0x00000000a8600000, 0x00000000e0000000)
  object space 137216K, 12% used [0x00000000a0000000,0x00000000a1158638,0x00000000a8600000)
 Metaspace       used 34446K, capacity 35446K, committed 35752K, reserved 1079296K
  class space    used 4689K, capacity 4942K, committed 5032K, reserved 1048576K
GC Heap History (10 events):
Event: 4.333 GC heap before
{Heap before GC invocations=6 (full 1):
 PSYoungGen      total 57344K, used 8171K [0x00000000e0000000, 0x00000000e7800000, 0x0000000100000000)
  eden space 49152K, 0% used [0x00000000e0000000,0x00000000e0000000,0x00000000e3000000)
  from space 8192K, 99% used [0x00000000e3000000,0x00000000e37fae28,0x00000000e3800000)
  to   space 12288K, 0% used [0x00000000e6c00000,0x00000000e6c00000,0x00000000e7800000)
 ParOldGen       total 131072K, used 3777K [0x00000000a0000000, 0x00000000a8000000, 0x00000000e0000000)
  object space 131072K, 2% used [0x00000000a0000000,0x00000000a03b05a0,0x00000000a8000000)
 Metaspace       used 20589K, capacity 21214K, committed 21296K, reserved 1067008K
  class space    used 2893K, capacity 3093K, committed 3120K, reserved 1048576K
Event: 4.362 GC heap after
Heap after GC invocations=6 (full 1):
 PSYoungGen      total 57344K, used 0K [0x00000000e0000000, 0x00000000e7800000, 0x0000000100000000)
  eden space 49152K, 0% used [0x00000000e0000000,0x00000000e0000000,0x00000000e3000000)
  from space 8192K, 0% used [0x00000000e3000000,0x00000000e3000000,0x00000000e3800000)
  to   space 12288K, 0% used [0x00000000e6c00000,0x00000000e6c00000,0x00000000e7800000)
 ParOldGen       total 76800K, used 8093K [0x00000000a0000000, 0x00000000a4b00000, 0x00000000e0000000)
  object space 76800K, 10% used [0x00000000a0000000,0x00000000a07e75d0,0x00000000a4b00000)
 Metaspace       used 20589K, capacity 21214K, committed 21296K, reserved 1067008K
  class space    used 2893K, capacity 3093K, committed 3120K, reserved 1048576K
}
Event: 4.852 GC heap before
{Heap before GC invocations=7 (full 1):
 PSYoungGen      total 57344K, used 49152K [0x00000000e0000000, 0x00000000e7800000, 0x0000000100000000)
  eden space 49152K, 100% used [0x00000000e0000000,0x00000000e3000000,0x00000000e3000000)
  from space 8192K, 0% used [0x00000000e3000000,0x00000000e3000000,0x00000000e3800000)
  to   space 12288K, 0% used [0x00000000e6c00000,0x00000000e6c00000,0x00000000e7800000)
 ParOldGen       total 76800K, used 8093K [0x00000000a0000000, 0x00000000a4b00000, 0x00000000e0000000)
  object space 76800K, 10% used [0x00000000a0000000,0x00000000a07e75d0,0x00000000a4b00000)
 Metaspace       used 24452K, capacity 25184K, committed 25520K, reserved 1071104K
  class space    used 3504K, capacity 3751K, committed 3760K, reserved 1048576K
Event: 4.857 GC heap after
Heap after GC invocations=7 (full 1):
 PSYoungGen      total 87040K, used 5126K [0x00000000e0000000, 0x00000000e7180000, 0x0000000100000000)
  eden space 81408K, 0% used [0x00000000e0000000,0x00000000e0000000,0x00000000e4f80000)
  from space 5632K, 91% used [0x00000000e6c00000,0x00000000e7101bb0,0x00000000e7180000)
  to   space 12288K, 0% used [0x00000000e5980000,0x00000000e5980000,0x00000000e6580000)
 ParOldGen       total 76800K, used 8101K [0x00000000a0000000, 0x00000000a4b00000, 0x00000000e0000000)
  object space 76800K, 10% used [0x00000000a0000000,0x00000000a07e95d0,0x00000000a4b00000)
 Metaspace       used 24452K, capacity 25184K, committed 25520K, reserved 1071104K
  class space    used 3504K, capacity 3751K, committed 3760K, reserved 1048576K
}
Event: 5.730 GC heap before
{Heap before GC invocations=8 (full 1):
 PSYoungGen      total 87040K, used 86534K [0x00000000e0000000, 0x00000000e7180000, 0x0000000100000000)
  eden space 81408K, 100% used [0x00000000e0000000,0x00000000e4f80000,0x00000000e4f80000)
  from space 5632K, 91% used [0x00000000e6c00000,0x00000000e7101bb0,0x00000000e7180000)
  to   space 12288K, 0% used [0x00000000e5980000,0x00000000e5980000,0x00000000e6580000)
 ParOldGen       total 76800K, used 8101K [0x00000000a0000000, 0x00000000a4b00000, 0x00000000e0000000)
  object space 76800K, 10% used [0x00000000a0000000,0x00000000a07e95d0,0x00000000a4b00000)
 Metaspace       used 32177K, capacity 33238K, committed 33456K, reserved 1077248K
  class space    used 4369K, capacity 4664K, committed 4784K, reserved 1048576K
Event: 5.742 GC heap after
Heap after GC invocations=8 (full 1):
 PSYoungGen      total 103936K, used 10031K [0x00000000e0000000, 0x00000000e9c80000, 0x0000000100000000)
  eden space 91648K, 0% used [0x00000000e0000000,0x00000000e0000000,0x00000000e5980000)
  from space 12288K, 81% used [0x00000000e5980000,0x00000000e634bc68,0x00000000e6580000)
  to   space 12800K, 0% used [0x00000000e9000000,0x00000000e9000000,0x00000000e9c80000)
 ParOldGen       total 76800K, used 8109K [0x00000000a0000000, 0x00000000a4b00000, 0x00000000e0000000)
  object space 76800K, 10% used [0x00000000a0000000,0x00000000a07eb5d0,0x00000000a4b00000)
 Metaspace       used 32177K, capacity 33238K, committed 33456K, reserved 1077248K
  class space    used 4369K, capacity 4664K, committed 4784K, reserved 1048576K
}
Event: 6.176 GC heap before
{Heap before GC invocations=9 (full 1):
 PSYoungGen      total 103936K, used 53069K [0x00000000e0000000, 0x00000000e9c80000, 0x0000000100000000)
  eden space 91648K, 46% used [0x00000000e0000000,0x00000000e2a07988,0x00000000e5980000)
  from space 12288K, 81% used [0x00000000e5980000,0x00000000e634bc68,0x00000000e6580000)
  to   space 12800K, 0% used [0x00000000e9000000,0x00000000e9000000,0x00000000e9c80000)
 ParOldGen       total 76800K, used 8109K [0x00000000a0000000, 0x00000000a4b00000, 0x00000000e0000000)
  object space 76800K, 10% used [0x00000000a0000000,0x00000000a07eb5d0,0x00000000a4b00000)
 Metaspace       used 34443K, capacity 35382K, committed 35496K, reserved 1079296K
  class space    used 4689K, capacity 4942K, committed 5032K, reserved 1048576K
Event: 6.187 GC heap after
Heap after GC invocations=9 (full 1):
 PSYoungGen      total 146944K, used 10378K [0x00000000e0000000, 0x00000000eb300000, 0x0000000100000000)
  eden space 134144K, 0% used [0x00000000e0000000,0x00000000e0000000,0x00000000e8300000)
  from space 12800K, 81% used [0x00000000e9000000,0x00000000e9a229d0,0x00000000e9c80000)
  to   space 13312K, 0% used [0x00000000e8300000,0x00000000e8300000,0x00000000e9000000)
 ParOldGen       total 76800K, used 8117K [0x00000000a0000000, 0x00000000a4b00000, 0x00000000e0000000)
  object space 76800K, 10% used [0x00000000a0000000,0x00000000a07ed5d0,0x00000000a4b00000)
 Metaspace       used 34443K, capacity 35382K, committed 35496K, reserved 1079296K
  class space    used 4689K, capacity 4942K, committed 5032K, reserved 1048576K
}
Event: 6.187 GC heap before
{Heap before GC invocations=10 (full 2):
 PSYoungGen      total 146944K, used 10378K [0x00000000e0000000, 0x00000000eb300000, 0x0000000100000000)
  eden space 134144K, 0% used [0x00000000e0000000,0x00000000e0000000,0x00000000e8300000)
  from space 12800K, 81% used [0x00000000e9000000,0x00000000e9a229d0,0x00000000e9c80000)
  to   space 13312K, 0% used [0x00000000e8300000,0x00000000e8300000,0x00000000e9000000)
 ParOldGen       total 76800K, used 8117K [0x00000000a0000000, 0x00000000a4b00000, 0x00000000e0000000)
  object space 76800K, 10% used [0x00000000a0000000,0x00000000a07ed5d0,0x00000000a4b00000)
 Metaspace       used 34443K, capacity 35382K, committed 35496K, reserved 1079296K
  class space    used 4689K, capacity 4942K, committed 5032K, reserved 1048576K
Event: 6.415 GC heap after
Heap after GC invocations=10 (full 2):
 PSYoungGen      total 146944K, used 0K [0x00000000e0000000, 0x00000000eb300000, 0x0000000100000000)
  eden space 134144K, 0% used [0x00000000e0000000,0x00000000e0000000,0x00000000e8300000)
  from space 12800K, 0% used [0x00000000e9000000,0x00000000e9000000,0x00000000e9c80000)
  to   space 13312K, 0% used [0x00000000e8300000,0x00000000e8300000,0x00000000e9000000)
 ParOldGen       total 137216K, used 17761K [0x00000000a0000000, 0x00000000a8600000, 0x00000000e0000000)
  object space 137216K, 12% used [0x00000000a0000000,0x00000000a1158638,0x00000000a8600000)
 Metaspace       used 34443K, capacity 35382K, committed 35496K, reserved 1079296K
  class space    used 4689K, capacity 4942K, committed 5032K, reserved 1048576K
}

