# JRE version: OpenJDK Runtime Environment (8.0_242-b01) (build 1.8.0_242-release-1644-b01)
# Java VM: OpenJDK 64-Bit Server VM (25.242-b01 mixed mode windows-amd64 compressed oops)
Heap:
 PSYoungGen      total 189952K, used 18654K [0x00000000e0000000, 0x00000000ef280000, 0x0000000100000000)
  eden space 155136K, 12% used [0x00000000e0000000,0x00000000e1237840,0x00000000e9780000)
  from space 34816K, 0% used [0x00000000e9b00000,0x00000000e9b00000,0x00000000ebd00000)
  to   space 46592K, 0% used [0x00000000ec500000,0x00000000ec500000,0x00000000ef280000)
 ParOldGen       total 227840K, used 75473K [0x00000000a0000000, 0x00000000ade80000, 0x00000000e0000000)
  object space 227840K, 33% used [0x00000000a0000000,0x00000000a49b47b0,0x00000000ade80000)
 Metaspace       used 95022K, capacity 99740K, committed 100376K, reserved 1136640K
  class space    used 12558K, capacity 13499K, committed 13608K, reserved 1048576K
GC Heap History (10 events):
Event: 42.372 GC heap before
{Heap before GC invocations=19 (full 3):
 PSYoungGen      total 180224K, used 180193K [0x00000000e0000000, 0x00000000eed00000, 0x0000000100000000)
  eden space 150528K, 100% used [0x00000000e0000000,0x00000000e9300000,0x00000000e9300000)
  from space 29696K, 99% used [0x00000000e9300000,0x00000000eaff84f0,0x00000000eb000000)
  to   space 37376K, 0% used [0x00000000ec880000,0x00000000ec880000,0x00000000eed00000)
 ParOldGen       total 227840K, used 54202K [0x00000000a0000000, 0x00000000ade80000, 0x00000000e0000000)
  object space 227840K, 23% used [0x00000000a0000000,0x00000000a34eebe8,0x00000000ade80000)
 Metaspace       used 85334K, capacity 89574K, committed 89752K, reserved 1126400K
  class space    used 11376K, capacity 12196K, committed 12200K, reserved 1048576K
Event: 42.399 GC heap after
Heap after GC invocations=19 (full 3):
 PSYoungGen      total 203264K, used 26997K [0x00000000e0000000, 0x00000000eef80000, 0x0000000100000000)
  eden space 165888K, 0% used [0x00000000e0000000,0x00000000e0000000,0x00000000ea200000)
  from space 37376K, 72% used [0x00000000ec880000,0x00000000ee2dd6e0,0x00000000eed00000)
  to   space 39424K, 0% used [0x00000000ea200000,0x00000000ea200000,0x00000000ec880000)
 ParOldGen       total 227840K, used 65206K [0x00000000a0000000, 0x00000000ade80000, 0x00000000e0000000)
  object space 227840K, 28% used [0x00000000a0000000,0x00000000a3fad840,0x00000000ade80000)
 Metaspace       used 85334K, capacity 89574K, committed 89752K, reserved 1126400K
  class space    used 11376K, capacity 12196K, committed 12200K, reserved 1048576K
}
Event: 454.861 GC heap before
{Heap before GC invocations=20 (full 3):
 PSYoungGen      total 203264K, used 192885K [0x00000000e0000000, 0x00000000eef80000, 0x0000000100000000)
  eden space 165888K, 100% used [0x00000000e0000000,0x00000000ea200000,0x00000000ea200000)
  from space 37376K, 72% used [0x00000000ec880000,0x00000000ee2dd6e0,0x00000000eed00000)
  to   space 39424K, 0% used [0x00000000ea200000,0x00000000ea200000,0x00000000ec880000)
 ParOldGen       total 227840K, used 65206K [0x00000000a0000000, 0x00000000ade80000, 0x00000000e0000000)
  object space 227840K, 28% used [0x00000000a0000000,0x00000000a3fad840,0x00000000ade80000)
 Metaspace       used 88718K, capacity 93334K, committed 93592K, reserved 1130496K
  class space    used 11758K, capacity 12664K, committed 12712K, reserved 1048576K
Event: 454.878 GC heap after
Heap after GC invocations=20 (full 3):
 PSYoungGen      total 192512K, used 29754K [0x00000000e0000000, 0x00000000ef080000, 0x0000000100000000)
  eden space 162304K, 0% used [0x00000000e0000000,0x00000000e0000000,0x00000000e9e80000)
  from space 30208K, 98% used [0x00000000ea200000,0x00000000ebf0e890,0x00000000ebf80000)
  to   space 41984K, 0% used [0x00000000ec780000,0x00000000ec780000,0x00000000ef080000)
 ParOldGen       total 227840K, used 65214K [0x00000000a0000000, 0x00000000ade80000, 0x00000000e0000000)
  object space 227840K, 28% used [0x00000000a0000000,0x00000000a3faf840,0x00000000ade80000)
 Metaspace       used 88718K, capacity 93334K, committed 93592K, reserved 1130496K
  class space    used 11758K, capacity 12664K, committed 12712K, reserved 1048576K
}
Event: 462.431 GC heap before
{Heap before GC invocations=21 (full 3):
 PSYoungGen      total 192512K, used 192058K [0x00000000e0000000, 0x00000000ef080000, 0x0000000100000000)
  eden space 162304K, 100% used [0x00000000e0000000,0x00000000e9e80000,0x00000000e9e80000)
  from space 30208K, 98% used [0x00000000ea200000,0x00000000ebf0e890,0x00000000ebf80000)
  to   space 41984K, 0% used [0x00000000ec780000,0x00000000ec780000,0x00000000ef080000)
 ParOldGen       total 227840K, used 65214K [0x00000000a0000000, 0x00000000ade80000, 0x00000000e0000000)
  object space 227840K, 28% used [0x00000000a0000000,0x00000000a3faf840,0x00000000ade80000)
 Metaspace       used 89194K, capacity 94004K, committed 94232K, reserved 1130496K
  class space    used 11794K, capacity 12722K, committed 12840K, reserved 1048576K
Event: 462.448 GC heap after
Heap after GC invocations=21 (full 3):
 PSYoungGen      total 200192K, used 29373K [0x00000000e0000000, 0x00000000ef000000, 0x0000000100000000)
  eden space 158720K, 0% used [0x00000000e0000000,0x00000000e0000000,0x00000000e9b00000)
  from space 41472K, 70% used [0x00000000ec780000,0x00000000ee42f718,0x00000000ef000000)
  to   space 43520K, 0% used [0x00000000e9b00000,0x00000000e9b00000,0x00000000ec580000)
 ParOldGen       total 227840K, used 65222K [0x00000000a0000000, 0x00000000ade80000, 0x00000000e0000000)
  object space 227840K, 28% used [0x00000000a0000000,0x00000000a3fb1840,0x00000000ade80000)
 Metaspace       used 89194K, capacity 94004K, committed 94232K, reserved 1130496K
  class space    used 11794K, capacity 12722K, committed 12840K, reserved 1048576K
}
Event: 471.166 GC heap before
{Heap before GC invocations=22 (full 3):
 PSYoungGen      total 200192K, used 93406K [0x00000000e0000000, 0x00000000ef000000, 0x0000000100000000)
  eden space 158720K, 40% used [0x00000000e0000000,0x00000000e3e88350,0x00000000e9b00000)
  from space 41472K, 70% used [0x00000000ec780000,0x00000000ee42f718,0x00000000ef000000)
  to   space 43520K, 0% used [0x00000000e9b00000,0x00000000e9b00000,0x00000000ec580000)
 ParOldGen       total 227840K, used 65222K [0x00000000a0000000, 0x00000000ade80000, 0x00000000e0000000)
  object space 227840K, 28% used [0x00000000a0000000,0x00000000a3fb1840,0x00000000ade80000)
 Metaspace       used 93352K, capacity 98336K, committed 98584K, reserved 1134592K
  class space    used 12398K, capacity 13345K, committed 13352K, reserved 1048576K
Event: 471.182 GC heap after
Heap after GC invocations=22 (full 3):
 PSYoungGen      total 189952K, used 34537K [0x00000000e0000000, 0x00000000ef280000, 0x0000000100000000)
  eden space 155136K, 0% used [0x00000000e0000000,0x00000000e0000000,0x00000000e9780000)
  from space 34816K, 99% used [0x00000000e9b00000,0x00000000ebcba638,0x00000000ebd00000)
  to   space 46592K, 0% used [0x00000000ec500000,0x00000000ec500000,0x00000000ef280000)
 ParOldGen       total 227840K, used 65230K [0x00000000a0000000, 0x00000000ade80000, 0x00000000e0000000)
  object space 227840K, 28% used [0x00000000a0000000,0x00000000a3fb3840,0x00000000ade80000)
 Metaspace       used 93352K, capacity 98336K, committed 98584K, reserved 1134592K
  class space    used 12398K, capacity 13345K, committed 13352K, reserved 1048576K
}
Event: 471.182 GC heap before
{Heap before GC invocations=23 (full 4):
 PSYoungGen      total 189952K, used 34537K [0x00000000e0000000, 0x00000000ef280000, 0x0000000100000000)
  eden space 155136K, 0% used [0x00000000e0000000,0x00000000e0000000,0x00000000e9780000)
  from space 34816K, 99% used [0x00000000e9b00000,0x00000000ebcba638,0x00000000ebd00000)
  to   space 46592K, 0% used [0x00000000ec500000,0x00000000ec500000,0x00000000ef280000)
 ParOldGen       total 227840K, used 65230K [0x00000000a0000000, 0x00000000ade80000, 0x00000000e0000000)
  object space 227840K, 28% used [0x00000000a0000000,0x00000000a3fb3840,0x00000000ade80000)
 Metaspace       used 93352K, capacity 98336K, committed 98584K, reserved 1134592K
  class space    used 12398K, capacity 13345K, committed 13352K, reserved 1048576K
Event: 471.394 GC heap after
Heap after GC invocations=23 (full 4):
 PSYoungGen      total 189952K, used 0K [0x00000000e0000000, 0x00000000ef280000, 0x0000000100000000)
  eden space 155136K, 0% used [0x00000000e0000000,0x00000000e0000000,0x00000000e9780000)
  from space 34816K, 0% used [0x00000000e9b00000,0x00000000e9b00000,0x00000000ebd00000)
  to   space 46592K, 0% used [0x00000000ec500000,0x00000000ec500000,0x00000000ef280000)
 ParOldGen       total 227840K, used 75473K [0x00000000a0000000, 0x00000000ade80000, 0x00000000e0000000)
  object space 227840K, 33% used [0x00000000a0000000,0x00000000a49b47b0,0x00000000ade80000)
 Metaspace       used 93228K, capacity 97972K, committed 98584K, reserved 1134592K
  class space    used 12357K, capacity 13273K, committed 13352K, reserved 1048576K
}

