# JRE version: OpenJDK Runtime Environment (8.0_242-b01) (build 1.8.0_242-release-1644-b01)
# Java VM: OpenJDK 64-Bit Server VM (25.242-b01 mixed mode windows-amd64 compressed oops)
Heap:
 PSYoungGen      total 245248K, used 138997K [0x00000000e0000000, 0x00000000f1800000, 0x0000000100000000)
  eden space 210944K, 49% used [0x00000000e0000000,0x00000000e66445a8,0x00000000ece00000)
  from space 34304K, 99% used [0x00000000ef680000,0x00000000f17f8fe8,0x00000000f1800000)
  to   space 37888K, 0% used [0x00000000ece00000,0x00000000ece00000,0x00000000ef300000)
 ParOldGen       total 201728K, used 126156K [0x00000000a0000000, 0x00000000ac500000, 0x00000000e0000000)
  object space 201728K, 62% used [0x00000000a0000000,0x00000000a7b331c0,0x00000000ac500000)
 Metaspace       used 97199K, capacity 102464K, committed 102680K, reserved 1138688K
  class space    used 13042K, capacity 14095K, committed 14128K, reserved 1048576K
GC Heap History (10 events):
Event: 19.695 GC heap before
{Heap before GC invocations=18 (full 3):
 PSYoungGen      total 217088K, used 216946K [0x00000000e0000000, 0x00000000ef900000, 0x0000000100000000)
  eden space 190464K, 100% used [0x00000000e0000000,0x00000000eba00000,0x00000000eba00000)
  from space 26624K, 99% used [0x00000000ed780000,0x00000000ef15c8c8,0x00000000ef180000)
  to   space 30208K, 0% used [0x00000000eba00000,0x00000000eba00000,0x00000000ed780000)
 ParOldGen       total 201728K, used 49283K [0x00000000a0000000, 0x00000000ac500000, 0x00000000e0000000)
  object space 201728K, 24% used [0x00000000a0000000,0x00000000a3020e78,0x00000000ac500000)
 Metaspace       used 83678K, capacity 87780K, committed 87960K, reserved 1126400K
  class space    used 11132K, capacity 11916K, committed 11952K, reserved 1048576K
Event: 19.724 GC heap after
Heap after GC invocations=18 (full 3):
 PSYoungGen      total 220672K, used 30198K [0x00000000e0000000, 0x00000000f1b00000, 0x0000000100000000)
  eden space 190464K, 0% used [0x00000000e0000000,0x00000000e0000000,0x00000000eba00000)
  from space 30208K, 99% used [0x00000000eba00000,0x00000000ed77db80,0x00000000ed780000)
  to   space 37376K, 0% used [0x00000000ef680000,0x00000000ef680000,0x00000000f1b00000)
 ParOldGen       total 201728K, used 56709K [0x00000000a0000000, 0x00000000ac500000, 0x00000000e0000000)
  object space 201728K, 28% used [0x00000000a0000000,0x00000000a3761690,0x00000000ac500000)
 Metaspace       used 83678K, capacity 87780K, committed 87960K, reserved 1126400K
  class space    used 11132K, capacity 11916K, committed 11952K, reserved 1048576K
}
Event: 35.299 GC heap before
{Heap before GC invocations=19 (full 3):
 PSYoungGen      total 220672K, used 220662K [0x00000000e0000000, 0x00000000f1b00000, 0x0000000100000000)
  eden space 190464K, 100% used [0x00000000e0000000,0x00000000eba00000,0x00000000eba00000)
  from space 30208K, 99% used [0x00000000eba00000,0x00000000ed77db80,0x00000000ed780000)
  to   space 37376K, 0% used [0x00000000ef680000,0x00000000ef680000,0x00000000f1b00000)
 ParOldGen       total 201728K, used 56709K [0x00000000a0000000, 0x00000000ac500000, 0x00000000e0000000)
  object space 201728K, 28% used [0x00000000a0000000,0x00000000a3761690,0x00000000ac500000)
 Metaspace       used 88263K, capacity 92786K, committed 93080K, reserved 1130496K
  class space    used 11780K, capacity 12670K, committed 12720K, reserved 1048576K
Event: 35.335 GC heap after
Heap after GC invocations=19 (full 3):
 PSYoungGen      total 245248K, used 23154K [0x00000000e0000000, 0x00000000f1800000, 0x0000000100000000)
  eden space 210944K, 0% used [0x00000000e0000000,0x00000000e0000000,0x00000000ece00000)
  from space 34304K, 67% used [0x00000000ef680000,0x00000000f0d1ca28,0x00000000f1800000)
  to   space 37888K, 0% used [0x00000000ece00000,0x00000000ece00000,0x00000000ef300000)
 ParOldGen       total 201728K, used 73939K [0x00000000a0000000, 0x00000000ac500000, 0x00000000e0000000)
  object space 201728K, 36% used [0x00000000a0000000,0x00000000a4834c38,0x00000000ac500000)
 Metaspace       used 88263K, capacity 92786K, committed 93080K, reserved 1130496K
  class space    used 11780K, capacity 12670K, committed 12720K, reserved 1048576K
}
Event: 36.351 GC heap before
{Heap before GC invocations=20 (full 3):
 PSYoungGen      total 245248K, used 157604K [0x00000000e0000000, 0x00000000f1800000, 0x0000000100000000)
  eden space 210944K, 63% used [0x00000000e0000000,0x00000000e834c890,0x00000000ece00000)
  from space 34304K, 67% used [0x00000000ef680000,0x00000000f0d1ca28,0x00000000f1800000)
  to   space 37888K, 0% used [0x00000000ece00000,0x00000000ece00000,0x00000000ef300000)
 ParOldGen       total 201728K, used 73939K [0x00000000a0000000, 0x00000000ac500000, 0x00000000e0000000)
  object space 201728K, 36% used [0x00000000a0000000,0x00000000a4834c38,0x00000000ac500000)
 Metaspace       used 93657K, capacity 98528K, committed 98584K, reserved 1134592K
  class space    used 12609K, capacity 13603K, committed 13616K, reserved 1048576K
Event: 36.383 GC heap after
Heap after GC invocations=20 (full 3):
 PSYoungGen      total 248832K, used 37867K [0x00000000e0000000, 0x00000000f1800000, 0x0000000100000000)
  eden space 210944K, 0% used [0x00000000e0000000,0x00000000e0000000,0x00000000ece00000)
  from space 37888K, 99% used [0x00000000ece00000,0x00000000ef2faf28,0x00000000ef300000)
  to   space 34304K, 0% used [0x00000000ef680000,0x00000000ef680000,0x00000000f1800000)
 ParOldGen       total 201728K, used 79212K [0x00000000a0000000, 0x00000000ac500000, 0x00000000e0000000)
  object space 201728K, 39% used [0x00000000a0000000,0x00000000a4d5b3a8,0x00000000ac500000)
 Metaspace       used 93657K, capacity 98528K, committed 98584K, reserved 1134592K
  class space    used 12609K, capacity 13603K, committed 13616K, reserved 1048576K
}
Event: 36.383 GC heap before
{Heap before GC invocations=21 (full 4):
 PSYoungGen      total 248832K, used 37867K [0x00000000e0000000, 0x00000000f1800000, 0x0000000100000000)
  eden space 210944K, 0% used [0x00000000e0000000,0x00000000e0000000,0x00000000ece00000)
  from space 37888K, 99% used [0x00000000ece00000,0x00000000ef2faf28,0x00000000ef300000)
  to   space 34304K, 0% used [0x00000000ef680000,0x00000000ef680000,0x00000000f1800000)
 ParOldGen       total 201728K, used 79212K [0x00000000a0000000, 0x00000000ac500000, 0x00000000e0000000)
  object space 201728K, 39% used [0x00000000a0000000,0x00000000a4d5b3a8,0x00000000ac500000)
 Metaspace       used 93657K, capacity 98528K, committed 98584K, reserved 1134592K
  class space    used 12609K, capacity 13603K, committed 13616K, reserved 1048576K
Event: 36.675 GC heap after
Heap after GC invocations=21 (full 4):
 PSYoungGen      total 248832K, used 0K [0x00000000e0000000, 0x00000000f1800000, 0x0000000100000000)
  eden space 210944K, 0% used [0x00000000e0000000,0x00000000e0000000,0x00000000ece00000)
  from space 37888K, 0% used [0x00000000ece00000,0x00000000ece00000,0x00000000ef300000)
  to   space 34304K, 0% used [0x00000000ef680000,0x00000000ef680000,0x00000000f1800000)
 ParOldGen       total 201728K, used 94094K [0x00000000a0000000, 0x00000000ac500000, 0x00000000e0000000)
  object space 201728K, 46% used [0x00000000a0000000,0x00000000a5be3b60,0x00000000ac500000)
 Metaspace       used 93502K, capacity 98102K, committed 98584K, reserved 1134592K
  class space    used 12562K, capacity 13520K, committed 13616K, reserved 1048576K
}
Event: 38.122 GC heap before
{Heap before GC invocations=22 (full 4):
 PSYoungGen      total 248832K, used 210944K [0x00000000e0000000, 0x00000000f1800000, 0x0000000100000000)
  eden space 210944K, 100% used [0x00000000e0000000,0x00000000ece00000,0x00000000ece00000)
  from space 37888K, 0% used [0x00000000ece00000,0x00000000ece00000,0x00000000ef300000)
  to   space 34304K, 0% used [0x00000000ef680000,0x00000000ef680000,0x00000000f1800000)
 ParOldGen       total 201728K, used 94094K [0x00000000a0000000, 0x00000000ac500000, 0x00000000e0000000)
  object space 201728K, 46% used [0x00000000a0000000,0x00000000a5be3b60,0x00000000ac500000)
 Metaspace       used 97061K, capacity 102268K, committed 102424K, reserved 1138688K
  class space    used 13041K, capacity 14095K, committed 14128K, reserved 1048576K
Event: 38.352 GC heap after
Heap after GC invocations=22 (full 4):
 PSYoungGen      total 245248K, used 34275K [0x00000000e0000000, 0x00000000f1800000, 0x0000000100000000)
  eden space 210944K, 0% used [0x00000000e0000000,0x00000000e0000000,0x00000000ece00000)
  from space 34304K, 99% used [0x00000000ef680000,0x00000000f17f8fe8,0x00000000f1800000)
  to   space 37888K, 0% used [0x00000000ece00000,0x00000000ece00000,0x00000000ef300000)
 ParOldGen       total 201728K, used 126156K [0x00000000a0000000, 0x00000000ac500000, 0x00000000e0000000)
  object space 201728K, 62% used [0x00000000a0000000,0x00000000a7b331c0,0x00000000ac500000)
 Metaspace       used 97061K, capacity 102268K, committed 102424K, reserved 1138688K
  class space    used 13041K, capacity 14095K, committed 14128K, reserved 1048576K
}

