# JRE version: OpenJDK Runtime Environment (8.0_242-b01) (build 1.8.0_242-release-1644-b01)
# Java VM: OpenJDK 64-Bit Server VM (25.242-b01 mixed mode windows-amd64 compressed oops)
Heap:
 PSYoungGen      total 106496K, used 37332K [0x0000000780980000, 0x0000000789d00000, 0x00000007c0000000)
  eden space 98304K, 37% used [0x0000000780980000,0x0000000782df5310,0x0000000786980000)
  from space 8192K, 0% used [0x0000000786980000,0x0000000786980000,0x0000000787180000)
  to   space 8192K, 0% used [0x0000000789500000,0x0000000789500000,0x0000000789d00000)
 ParOldGen       total 97280K, used 28402K [0x0000000701c00000, 0x0000000707b00000, 0x0000000780980000)
  object space 97280K, 29% used [0x0000000701c00000,0x00000007037bc848,0x0000000707b00000)
 Metaspace       used 37249K, capacity 37813K, committed 38272K, reserved 1083392K
  class space    used 4747K, capacity 4894K, committed 4992K, reserved 1048576K
GC Heap History (10 events):
Event: 1.441 GC heap before
{Heap before GC invocations=1 (full 0):
 PSYoungGen      total 57344K, used 49152K [0x0000000780980000, 0x0000000784980000, 0x00000007c0000000)
  eden space 49152K, 100% used [0x0000000780980000,0x0000000783980000,0x0000000783980000)
  from space 8192K, 0% used [0x0000000784180000,0x0000000784180000,0x0000000784980000)
  to   space 8192K, 0% used [0x0000000783980000,0x0000000783980000,0x0000000784180000)
 ParOldGen       total 131072K, used 0K [0x0000000701c00000, 0x0000000709c00000, 0x0000000780980000)
  object space 131072K, 0% used [0x0000000701c00000,0x0000000701c00000,0x0000000709c00000)
 Metaspace       used 12047K, capacity 12318K, committed 12544K, reserved 1060864K
  class space    used 1353K, capacity 1429K, committed 1536K, reserved 1048576K
Event: 1.457 GC heap after
Heap after GC invocations=1 (full 0):
 PSYoungGen      total 57344K, used 8182K [0x0000000780980000, 0x0000000787980000, 0x00000007c0000000)
  eden space 49152K, 0% used [0x0000000780980000,0x0000000780980000,0x0000000783980000)
  from space 8192K, 99% used [0x0000000783980000,0x000000078417d920,0x0000000784180000)
  to   space 8192K, 0% used [0x0000000787180000,0x0000000787180000,0x0000000787980000)
 ParOldGen       total 131072K, used 3431K [0x0000000701c00000, 0x0000000709c00000, 0x0000000780980000)
  object space 131072K, 2% used [0x0000000701c00000,0x0000000701f59f08,0x0000000709c00000)
 Metaspace       used 12047K, capacity 12318K, committed 12544K, reserved 1060864K
  class space    used 1353K, capacity 1429K, committed 1536K, reserved 1048576K
}
Event: 2.152 GC heap before
{Heap before GC invocations=2 (full 0):
 PSYoungGen      total 57344K, used 44177K [0x0000000780980000, 0x0000000787980000, 0x00000007c0000000)
  eden space 49152K, 73% used [0x0000000780980000,0x0000000782ca6c10,0x0000000783980000)
  from space 8192K, 99% used [0x0000000783980000,0x000000078417d920,0x0000000784180000)
  to   space 8192K, 0% used [0x0000000787180000,0x0000000787180000,0x0000000787980000)
 ParOldGen       total 131072K, used 3431K [0x0000000701c00000, 0x0000000709c00000, 0x0000000780980000)
  object space 131072K, 2% used [0x0000000701c00000,0x0000000701f59f08,0x0000000709c00000)
 Metaspace       used 20710K, capacity 21138K, committed 21296K, reserved 1069056K
  class space    used 2461K, capacity 2625K, committed 2688K, reserved 1048576K
Event: 2.163 GC heap after
Heap after GC invocations=2 (full 0):
 PSYoungGen      total 106496K, used 8191K [0x0000000780980000, 0x0000000787980000, 0x00000007c0000000)
  eden space 98304K, 0% used [0x0000000780980000,0x0000000780980000,0x0000000786980000)
  from space 8192K, 99% used [0x0000000787180000,0x000000078797fc78,0x0000000787980000)
  to   space 8192K, 0% used [0x0000000786980000,0x0000000786980000,0x0000000787180000)
 ParOldGen       total 131072K, used 7817K [0x0000000701c00000, 0x0000000709c00000, 0x0000000780980000)
  object space 131072K, 5% used [0x0000000701c00000,0x00000007023a2798,0x0000000709c00000)
 Metaspace       used 20710K, capacity 21138K, committed 21296K, reserved 1069056K
  class space    used 2461K, capacity 2625K, committed 2688K, reserved 1048576K
}
Event: 2.163 GC heap before
{Heap before GC invocations=3 (full 1):
 PSYoungGen      total 106496K, used 8191K [0x0000000780980000, 0x0000000787980000, 0x00000007c0000000)
  eden space 98304K, 0% used [0x0000000780980000,0x0000000780980000,0x0000000786980000)
  from space 8192K, 99% used [0x0000000787180000,0x000000078797fc78,0x0000000787980000)
  to   space 8192K, 0% used [0x0000000786980000,0x0000000786980000,0x0000000787180000)
 ParOldGen       total 131072K, used 7817K [0x0000000701c00000, 0x0000000709c00000, 0x0000000780980000)
  object space 131072K, 5% used [0x0000000701c00000,0x00000007023a2798,0x0000000709c00000)
 Metaspace       used 20710K, capacity 21138K, committed 21296K, reserved 1069056K
  class space    used 2461K, capacity 2625K, committed 2688K, reserved 1048576K
Event: 2.213 GC heap after
Heap after GC invocations=3 (full 1):
 PSYoungGen      total 106496K, used 0K [0x0000000780980000, 0x0000000787980000, 0x00000007c0000000)
  eden space 98304K, 0% used [0x0000000780980000,0x0000000780980000,0x0000000786980000)
  from space 8192K, 0% used [0x0000000787180000,0x0000000787180000,0x0000000787980000)
  to   space 8192K, 0% used [0x0000000786980000,0x0000000786980000,0x0000000787180000)
 ParOldGen       total 97280K, used 12054K [0x0000000701c00000, 0x0000000707b00000, 0x0000000780980000)
  object space 97280K, 12% used [0x0000000701c00000,0x00000007027c5aa8,0x0000000707b00000)
 Metaspace       used 20710K, capacity 21138K, committed 21296K, reserved 1069056K
  class space    used 2461K, capacity 2625K, committed 2688K, reserved 1048576K
}
Event: 3.954 GC heap before
{Heap before GC invocations=4 (full 1):
 PSYoungGen      total 106496K, used 95561K [0x0000000780980000, 0x0000000787980000, 0x00000007c0000000)
  eden space 98304K, 97% used [0x0000000780980000,0x00000007866d27e0,0x0000000786980000)
  from space 8192K, 0% used [0x0000000787180000,0x0000000787180000,0x0000000787980000)
  to   space 8192K, 0% used [0x0000000786980000,0x0000000786980000,0x0000000787180000)
 ParOldGen       total 97280K, used 12054K [0x0000000701c00000, 0x0000000707b00000, 0x0000000780980000)
  object space 97280K, 12% used [0x0000000701c00000,0x00000007027c5aa8,0x0000000707b00000)
 Metaspace       used 34848K, capacity 35387K, committed 35496K, reserved 1081344K
  class space    used 4444K, capacity 4599K, committed 4608K, reserved 1048576K
Event: 3.978 GC heap after
Heap after GC invocations=4 (full 1):
 PSYoungGen      total 106496K, used 8162K [0x0000000780980000, 0x0000000789d00000, 0x00000007c0000000)
  eden space 98304K, 0% used [0x0000000780980000,0x0000000780980000,0x0000000786980000)
  from space 8192K, 99% used [0x0000000786980000,0x0000000787178af0,0x0000000787180000)
  to   space 8192K, 0% used [0x0000000789500000,0x0000000789500000,0x0000000789d00000)
 ParOldGen       total 97280K, used 27254K [0x0000000701c00000, 0x0000000707b00000, 0x0000000780980000)
  object space 97280K, 28% used [0x0000000701c00000,0x000000070369d850,0x0000000707b00000)
 Metaspace       used 34848K, capacity 35387K, committed 35496K, reserved 1081344K
  class space    used 4444K, capacity 4599K, committed 4608K, reserved 1048576K
}
Event: 3.978 GC heap before
{Heap before GC invocations=5 (full 2):
 PSYoungGen      total 106496K, used 8162K [0x0000000780980000, 0x0000000789d00000, 0x00000007c0000000)
  eden space 98304K, 0% used [0x0000000780980000,0x0000000780980000,0x0000000786980000)
  from space 8192K, 99% used [0x0000000786980000,0x0000000787178af0,0x0000000787180000)
  to   space 8192K, 0% used [0x0000000789500000,0x0000000789500000,0x0000000789d00000)
 ParOldGen       total 97280K, used 27254K [0x0000000701c00000, 0x0000000707b00000, 0x0000000780980000)
  object space 97280K, 28% used [0x0000000701c00000,0x000000070369d850,0x0000000707b00000)
 Metaspace       used 34848K, capacity 35387K, committed 35496K, reserved 1081344K
  class space    used 4444K, capacity 4599K, committed 4608K, reserved 1048576K
Event: 4.055 GC heap after
Heap after GC invocations=5 (full 2):
 PSYoungGen      total 106496K, used 0K [0x0000000780980000, 0x0000000789d00000, 0x00000007c0000000)
  eden space 98304K, 0% used [0x0000000780980000,0x0000000780980000,0x0000000786980000)
  from space 8192K, 0% used [0x0000000786980000,0x0000000786980000,0x0000000787180000)
  to   space 8192K, 0% used [0x0000000789500000,0x0000000789500000,0x0000000789d00000)
 ParOldGen       total 97280K, used 28402K [0x0000000701c00000, 0x0000000707b00000, 0x0000000780980000)
  object space 97280K, 29% used [0x0000000701c00000,0x00000007037bc848,0x0000000707b00000)
 Metaspace       used 34848K, capacity 35387K, committed 35496K, reserved 1081344K
  class space    used 4444K, capacity 4599K, committed 4608K, reserved 1048576K
}

