# JRE version: OpenJDK Runtime Environment (8.0_242-b01) (build 1.8.0_242-release-1644-b01)
# Java VM: OpenJDK 64-Bit Server VM (25.242-b01 mixed mode windows-amd64 compressed oops)
Heap:
 PSYoungGen      total 206848K, used 140672K [0x00000000e0000000, 0x00000000f4480000, 0x0000000100000000)
  eden space 194048K, 72% used [0x00000000e0000000,0x00000000e8960040,0x00000000ebd80000)
  from space 12800K, 0% used [0x00000000ebd80000,0x00000000ebd80000,0x00000000eca00000)
  to   space 13824K, 0% used [0x00000000f3700000,0x00000000f3700000,0x00000000f4480000)
 ParOldGen       total 112640K, used 17233K [0x00000000a0000000, 0x00000000a6e00000, 0x00000000e0000000)
  object space 112640K, 15% used [0x00000000a0000000,0x00000000a10d47e8,0x00000000a6e00000)
 Metaspace       used 44904K, capacity 46504K, committed 46760K, reserved 1089536K
  class space    used 6078K, capacity 6469K, committed 6576K, reserved 1048576K
GC Heap History (10 events):
Event: 2.154 GC heap before
{Heap before GC invocations=5 (full 0):
 PSYoungGen      total 106496K, used 16911K [0x00000000e0000000, 0x00000000e7000000, 0x0000000100000000)
  eden space 98304K, 8% used [0x00000000e0000000,0x00000000e0887878,0x00000000e6000000)
  from space 8192K, 99% used [0x00000000e6800000,0x00000000e6ffc6b0,0x00000000e7000000)
  to   space 8192K, 0% used [0x00000000e6000000,0x00000000e6000000,0x00000000e6800000)
 ParOldGen       total 131072K, used 3451K [0x00000000a0000000, 0x00000000a8000000, 0x00000000e0000000)
  object space 131072K, 2% used [0x00000000a0000000,0x00000000a035ec40,0x00000000a8000000)
 Metaspace       used 20590K, capacity 21208K, committed 21296K, reserved 1067008K
  class space    used 2887K, capacity 3084K, committed 3120K, reserved 1048576K
Event: 2.162 GC heap after
Heap after GC invocations=5 (full 0):
 PSYoungGen      total 106496K, used 7582K [0x00000000e0000000, 0x00000000ed700000, 0x0000000100000000)
  eden space 98304K, 0% used [0x00000000e0000000,0x00000000e0000000,0x00000000e6000000)
  from space 8192K, 92% used [0x00000000e6000000,0x00000000e67679f0,0x00000000e6800000)
  to   space 11776K, 0% used [0x00000000ecb80000,0x00000000ecb80000,0x00000000ed700000)
 ParOldGen       total 131072K, used 3459K [0x00000000a0000000, 0x00000000a8000000, 0x00000000e0000000)
  object space 131072K, 2% used [0x00000000a0000000,0x00000000a0360c40,0x00000000a8000000)
 Metaspace       used 20590K, capacity 21208K, committed 21296K, reserved 1067008K
  class space    used 2887K, capacity 3084K, committed 3120K, reserved 1048576K
}
Event: 2.162 GC heap before
{Heap before GC invocations=6 (full 1):
 PSYoungGen      total 106496K, used 7582K [0x00000000e0000000, 0x00000000ed700000, 0x0000000100000000)
  eden space 98304K, 0% used [0x00000000e0000000,0x00000000e0000000,0x00000000e6000000)
  from space 8192K, 92% used [0x00000000e6000000,0x00000000e67679f0,0x00000000e6800000)
  to   space 11776K, 0% used [0x00000000ecb80000,0x00000000ecb80000,0x00000000ed700000)
 ParOldGen       total 131072K, used 3459K [0x00000000a0000000, 0x00000000a8000000, 0x00000000e0000000)
  object space 131072K, 2% used [0x00000000a0000000,0x00000000a0360c40,0x00000000a8000000)
 Metaspace       used 20590K, capacity 21208K, committed 21296K, reserved 1067008K
  class space    used 2887K, capacity 3084K, committed 3120K, reserved 1048576K
Event: 2.187 GC heap after
Heap after GC invocations=6 (full 1):
 PSYoungGen      total 106496K, used 0K [0x00000000e0000000, 0x00000000ed700000, 0x0000000100000000)
  eden space 98304K, 0% used [0x00000000e0000000,0x00000000e0000000,0x00000000e6000000)
  from space 8192K, 0% used [0x00000000e6000000,0x00000000e6000000,0x00000000e6800000)
  to   space 11776K, 0% used [0x00000000ecb80000,0x00000000ecb80000,0x00000000ed700000)
 ParOldGen       total 69632K, used 7942K [0x00000000a0000000, 0x00000000a4400000, 0x00000000e0000000)
  object space 69632K, 11% used [0x00000000a0000000,0x00000000a07c1b10,0x00000000a4400000)
 Metaspace       used 20590K, capacity 21208K, committed 21296K, reserved 1067008K
  class space    used 2887K, capacity 3084K, committed 3120K, reserved 1048576K
}
Event: 2.933 GC heap before
{Heap before GC invocations=7 (full 1):
 PSYoungGen      total 106496K, used 98304K [0x00000000e0000000, 0x00000000ed700000, 0x0000000100000000)
  eden space 98304K, 100% used [0x00000000e0000000,0x00000000e6000000,0x00000000e6000000)
  from space 8192K, 0% used [0x00000000e6000000,0x00000000e6000000,0x00000000e6800000)
  to   space 11776K, 0% used [0x00000000ecb80000,0x00000000ecb80000,0x00000000ed700000)
 ParOldGen       total 69632K, used 7942K [0x00000000a0000000, 0x00000000a4400000, 0x00000000e0000000)
  object space 69632K, 11% used [0x00000000a0000000,0x00000000a07c1b10,0x00000000a4400000)
 Metaspace       used 30969K, capacity 31740K, committed 31920K, reserved 1077248K
  class space    used 4210K, capacity 4463K, committed 4528K, reserved 1048576K
Event: 2.943 GC heap after
Heap after GC invocations=7 (full 1):
 PSYoungGen      total 185344K, used 11037K [0x00000000e0000000, 0x00000000ed680000, 0x0000000100000000)
  eden space 174080K, 0% used [0x00000000e0000000,0x00000000e0000000,0x00000000eaa00000)
  from space 11264K, 97% used [0x00000000ecb80000,0x00000000ed6476a8,0x00000000ed680000)
  to   space 12800K, 0% used [0x00000000ebd80000,0x00000000ebd80000,0x00000000eca00000)
 ParOldGen       total 69632K, used 7950K [0x00000000a0000000, 0x00000000a4400000, 0x00000000e0000000)
  object space 69632K, 11% used [0x00000000a0000000,0x00000000a07c3b10,0x00000000a4400000)
 Metaspace       used 30969K, capacity 31740K, committed 31920K, reserved 1077248K
  class space    used 4210K, capacity 4463K, committed 4528K, reserved 1048576K
}
Event: 3.469 GC heap before
{Heap before GC invocations=8 (full 1):
 PSYoungGen      total 185344K, used 96197K [0x00000000e0000000, 0x00000000ed680000, 0x0000000100000000)
  eden space 174080K, 48% used [0x00000000e0000000,0x00000000e5329ee8,0x00000000eaa00000)
  from space 11264K, 97% used [0x00000000ecb80000,0x00000000ed6476a8,0x00000000ed680000)
  to   space 12800K, 0% used [0x00000000ebd80000,0x00000000ebd80000,0x00000000eca00000)
 ParOldGen       total 69632K, used 7950K [0x00000000a0000000, 0x00000000a4400000, 0x00000000e0000000)
  object space 69632K, 11% used [0x00000000a0000000,0x00000000a07c3b10,0x00000000a4400000)
 Metaspace       used 34505K, capacity 35428K, committed 35496K, reserved 1079296K
  class space    used 4740K, capacity 5008K, committed 5040K, reserved 1048576K
Event: 3.481 GC heap after
Heap after GC invocations=8 (full 1):
 PSYoungGen      total 206848K, used 10741K [0x00000000e0000000, 0x00000000f4480000, 0x0000000100000000)
  eden space 194048K, 0% used [0x00000000e0000000,0x00000000e0000000,0x00000000ebd80000)
  from space 12800K, 83% used [0x00000000ebd80000,0x00000000ec7fd510,0x00000000eca00000)
  to   space 13824K, 0% used [0x00000000f3700000,0x00000000f3700000,0x00000000f4480000)
 ParOldGen       total 69632K, used 7958K [0x00000000a0000000, 0x00000000a4400000, 0x00000000e0000000)
  object space 69632K, 11% used [0x00000000a0000000,0x00000000a07c5b10,0x00000000a4400000)
 Metaspace       used 34505K, capacity 35428K, committed 35496K, reserved 1079296K
  class space    used 4740K, capacity 5008K, committed 5040K, reserved 1048576K
}
Event: 3.481 GC heap before
{Heap before GC invocations=9 (full 2):
 PSYoungGen      total 206848K, used 10741K [0x00000000e0000000, 0x00000000f4480000, 0x0000000100000000)
  eden space 194048K, 0% used [0x00000000e0000000,0x00000000e0000000,0x00000000ebd80000)
  from space 12800K, 83% used [0x00000000ebd80000,0x00000000ec7fd510,0x00000000eca00000)
  to   space 13824K, 0% used [0x00000000f3700000,0x00000000f3700000,0x00000000f4480000)
 ParOldGen       total 69632K, used 7958K [0x00000000a0000000, 0x00000000a4400000, 0x00000000e0000000)
  object space 69632K, 11% used [0x00000000a0000000,0x00000000a07c5b10,0x00000000a4400000)
 Metaspace       used 34505K, capacity 35428K, committed 35496K, reserved 1079296K
  class space    used 4740K, capacity 5008K, committed 5040K, reserved 1048576K
Event: 3.593 GC heap after
Heap after GC invocations=9 (full 2):
 PSYoungGen      total 206848K, used 0K [0x00000000e0000000, 0x00000000f4480000, 0x0000000100000000)
  eden space 194048K, 0% used [0x00000000e0000000,0x00000000e0000000,0x00000000ebd80000)
  from space 12800K, 0% used [0x00000000ebd80000,0x00000000ebd80000,0x00000000eca00000)
  to   space 13824K, 0% used [0x00000000f3700000,0x00000000f3700000,0x00000000f4480000)
 ParOldGen       total 112640K, used 17233K [0x00000000a0000000, 0x00000000a6e00000, 0x00000000e0000000)
  object space 112640K, 15% used [0x00000000a0000000,0x00000000a10d47e8,0x00000000a6e00000)
 Metaspace       used 34505K, capacity 35428K, committed 35496K, reserved 1079296K
  class space    used 4740K, capacity 5008K, committed 5040K, reserved 1048576K
}

